"blank"         "=========================="
"blank"         "#Valve_Movement_Title"
"blank"         "=========================="
"+forward"          "#Valve_Move_Forward"
"+back"             "#Valve_Move_Back"
"+moveleft"         "#Valve_Move_Left"
"+moveright"        "#Valve_Move_Right"
"+speed"            "#L4D_Walk"
"+jump"             "#Valve_Jump"
"+duck"             "#Valve_Duck"
"blank"         "=========================="
"blank"         "#Cstrike_Combat_Title"
"blank"         "=========================="
"+attack"           "#Cstrike_Fire"
"+attack2"          "#L4D_melee_ability"
"+zoom"             "#L4D_zoom"
"+reload"           "#Valve_Reload_Weapon"
"invprev"           "#Valve_Previous_Weapon"
"invnext"           "#Valve_Next_Weapon"
"lastinv"           "#Valve_Last_Weapon_Used"
"blank"         "=========================="
"blank"         "#Valve_Communication_Title"
"blank"         "=========================="
"+voicerecord"      "#Valve_Use_Voice_Communication"
"Vote Yes"          "#L4D_vote_yes"
"Vote No"           "#L4D_vote_no"
"messagemode"       "#Valve_Chat_Message"
"messagemode2"      "#Valve_Team_Message"
"blank"         "=========================="
"blank"         "#Cstrike_Menu_Title"
"blank"         "=========================="
"chooseteam"        "#Cstrike_Select_Team"
"+showscores"       "#Valve_Display_Scores"
"slot1"             "#L4D360UI_Controller_Primary"
"slot2"             "#L4D360UI_Controller_Secondary"
"slot3"             "#L4D360UI_Controller_Grenade"
"slot4"             "#L4D360UI_Controller_Healthpack"
"slot5"             "#L4D360UI_Controller_Pills"
"motd"              "#L4D_MOTD"
"blank"         "=========================="
"blank"         "#Valve_Miscellaneous_Title"
"blank"         "=========================="
"+use"              "#Valve_Use_Items"
"impulse 100"       "#Valve_Flashlight"
"impulse 201"       "#Valve_Spray_Logo"
"jpeg"              "#Valve_Take_Screen_Shot"
"quit"              "#Valve_Quit_Game"
"blank"         "=========================="
"blank"         "VOCALIZER RADIAL MENUS"
"blank"         "=========================="
"+mouse_menu Characters"	"Character selection"
"+mouse_menu Orders"		"Orders"
"+mouse_menu QA"		"Questions and answers"
"+mouse_menu Reactions"		"Reactions"
"+mouse_menu Enemies"		"Enemies"
"+mouse_menu Warnings"		"Warnings"
"+mouse_menu Events"		"Events"
"+mouse_menu Misc"		"Miscellaneous 1"
"+mouse_menu Misc2"		"Miscellaneous 2"
"+mouse_menu Misc3"		"Miscellaneous 3"
"+ch1; alias -ch1 -mouse_menu"	"Character-specific 1"
"+ch2; alias -ch2 -mouse_menu"	"Character-specific 2"
"+ch3; alias -ch3 -mouse_menu"	"Character-specific 3"
"+ch4; alias -ch4 -mouse_menu"	"Character-specific 4"
"+ch5; alias -ch5 -mouse_menu"	"Character-specific 5"
"+ch6; alias -ch6 -mouse_menu"	"Character-specific 6"
"+ch7; alias -ch7 -mouse_menu"	"Character-specific 7"
"+ch8; alias -ch8 -mouse_menu"	"Character-specific 8 (limited use)"
"+ch9; alias -ch9 -mouse_menu"	"Character-specific 9 (limited use)"
"+mouse_menu Misc4"		"Miscellaneous 4 (limited use)"
"+mouse_menu Misc5"		"Miscellaneous 5 (limited use)"
"+mouse_menu Misc6"		"Miscellaneous 6 (limited use)"
"+mouse_menu NPC"		"NPCs (limited use)"